<?xml version="1.0" encoding="UTF-8"?>
<testng-results skipped="0" failed="1" ignored="0" total="9" passed="8">
  <reporter-output>
  </reporter-output>
  <suite name="Suite" duration-ms="66516" started-at="2018-11-03T07:48:16Z" finished-at="2018-11-03T07:49:23Z">
    <groups>
    </groups>
    <test name="Login" duration-ms="17696" started-at="2018-11-03T07:48:16Z" finished-at="2018-11-03T07:48:34Z">
      <class name="com.Tesuto.TestCases.LoginPageTest">
        <test-method status="PASS" signature="initialization()[pri:0, instance:com.Tesuto.TestCases.LoginPageTest@609db43b]" name="initialization" is-config="true" duration-ms="6647" started-at="2018-11-03T07:48:16Z" finished-at="2018-11-03T07:48:23Z">
          <reporter-output>
          </reporter-output>
        </test-method> <!-- initialization -->
        <test-method status="PASS" signature="Setup()[pri:0, instance:com.Tesuto.TestCases.LoginPageTest@609db43b]" name="Setup" is-config="true" duration-ms="32" started-at="2018-11-03T07:48:23Z" finished-at="2018-11-03T07:48:23Z">
          <reporter-output>
          </reporter-output>
        </test-method> <!-- Setup -->
        <test-method status="PASS" signature="validateLoginPageTilteTest()[pri:1, instance:com.Tesuto.TestCases.LoginPageTest@609db43b]" name="validateLoginPageTilteTest" duration-ms="12" started-at="2018-11-03T07:48:23Z" finished-at="2018-11-03T07:48:23Z">
          <reporter-output>
          </reporter-output>
        </test-method> <!-- validateLoginPageTilteTest -->
        <test-method status="PASS" signature="validateCRMImageTest()[pri:2, instance:com.Tesuto.TestCases.LoginPageTest@609db43b]" name="validateCRMImageTest" duration-ms="40" started-at="2018-11-03T07:48:23Z" finished-at="2018-11-03T07:48:23Z">
          <reporter-output>
          </reporter-output>
        </test-method> <!-- validateCRMImageTest -->
        <test-method status="FAIL" signature="LoginTest()[pri:3, instance:com.Tesuto.TestCases.LoginPageTest@609db43b]" name="LoginTest" duration-ms="10835" started-at="2018-11-03T07:48:23Z" finished-at="2018-11-03T07:48:34Z">
          <exception class="org.openqa.selenium.TimeoutException">
            <message>
              <![CDATA[timeout
  (Session info: chrome=70.0.3538.77)
  (Driver info: chromedriver=2.43.600229 (3fae4d0cda5334b4f533bede5a4787f7b832d052),platform=Mac OS X 10.13.6 x86_64) (WARNING: The server did not provide any stacktrace information)
Command duration or timeout: 0 milliseconds
Build info: version: '3.14.0', revision: 'aacccce0', time: '2018-08-02T20:19:58.91Z'
System info: host: 'prakumak-mac', ip: 'fe80:0:0:0:cac:7136:93ff:c186%en0', os.name: 'Mac OS X', os.arch: 'x86_64', os.version: '10.13.6', java.version: '1.8.0_191'
Driver info: org.openqa.selenium.chrome.ChromeDriver
Capabilities {acceptInsecureCerts: false, acceptSslCerts: false, applicationCacheEnabled: false, browserConnectionEnabled: false, browserName: chrome, chrome: {chromedriverVersion: 2.43.600229 (3fae4d0cda5334..., userDataDir: /var/folders/tx/jyb8fmr93cd...}, cssSelectorsEnabled: true, databaseEnabled: false, goog:chromeOptions: {debuggerAddress: localhost:53751}, handlesAlerts: true, hasTouchScreen: false, javascriptEnabled: true, locationContextEnabled: true, mobileEmulationEnabled: false, nativeEvents: true, networkConnectionEnabled: false, pageLoadStrategy: normal, platform: MAC, platformName: MAC, rotatable: false, setWindowRect: true, takesHeapSnapshot: true, takesScreenshot: true, unexpectedAlertBehaviour: , unhandledPromptBehavior: , version: 70.0.3538.77, webStorageEnabled: true}
Session ID: f7e878423ac150ca8791309f38fb1550]]>
            </message>
            <full-stacktrace>
              <![CDATA[org.openqa.selenium.TimeoutException: timeout
  (Session info: chrome=70.0.3538.77)
  (Driver info: chromedriver=2.43.600229 (3fae4d0cda5334b4f533bede5a4787f7b832d052),platform=Mac OS X 10.13.6 x86_64) (WARNING: The server did not provide any stacktrace information)
Command duration or timeout: 0 milliseconds
Build info: version: '3.14.0', revision: 'aacccce0', time: '2018-08-02T20:19:58.91Z'
System info: host: 'prakumak-mac', ip: 'fe80:0:0:0:cac:7136:93ff:c186%en0', os.name: 'Mac OS X', os.arch: 'x86_64', os.version: '10.13.6', java.version: '1.8.0_191'
Driver info: org.openqa.selenium.chrome.ChromeDriver
Capabilities {acceptInsecureCerts: false, acceptSslCerts: false, applicationCacheEnabled: false, browserConnectionEnabled: false, browserName: chrome, chrome: {chromedriverVersion: 2.43.600229 (3fae4d0cda5334..., userDataDir: /var/folders/tx/jyb8fmr93cd...}, cssSelectorsEnabled: true, databaseEnabled: false, goog:chromeOptions: {debuggerAddress: localhost:53751}, handlesAlerts: true, hasTouchScreen: false, javascriptEnabled: true, locationContextEnabled: true, mobileEmulationEnabled: false, nativeEvents: true, networkConnectionEnabled: false, pageLoadStrategy: normal, platform: MAC, platformName: MAC, rotatable: false, setWindowRect: true, takesHeapSnapshot: true, takesScreenshot: true, unexpectedAlertBehaviour: , unhandledPromptBehavior: , version: 70.0.3538.77, webStorageEnabled: true}
Session ID: f7e878423ac150ca8791309f38fb1550
at sun.reflect.NativeConstructorAccessorImpl.newInstance0(Native Method)
at sun.reflect.NativeConstructorAccessorImpl.newInstance(NativeConstructorAccessorImpl.java:62)
at sun.reflect.DelegatingConstructorAccessorImpl.newInstance(DelegatingConstructorAccessorImpl.java:45)
at java.lang.reflect.Constructor.newInstance(Constructor.java:423)
at org.openqa.selenium.remote.ErrorHandler.createThrowable(ErrorHandler.java:214)
at org.openqa.selenium.remote.ErrorHandler.throwIfResponseFailed(ErrorHandler.java:166)
at org.openqa.selenium.remote.http.JsonHttpResponseCodec.reconstructValue(JsonHttpResponseCodec.java:40)
at org.openqa.selenium.remote.http.AbstractHttpResponseCodec.decode(AbstractHttpResponseCodec.java:80)
at org.openqa.selenium.remote.http.AbstractHttpResponseCodec.decode(AbstractHttpResponseCodec.java:44)
at org.openqa.selenium.remote.HttpCommandExecutor.execute(HttpCommandExecutor.java:158)
at org.openqa.selenium.remote.service.DriverCommandExecutor.execute(DriverCommandExecutor.java:83)
at org.openqa.selenium.remote.RemoteWebDriver.execute(RemoteWebDriver.java:548)
at org.openqa.selenium.remote.RemoteWebDriver.executeScript(RemoteWebDriver.java:485)
at sun.reflect.NativeMethodAccessorImpl.invoke0(Native Method)
at sun.reflect.NativeMethodAccessorImpl.invoke(NativeMethodAccessorImpl.java:62)
at sun.reflect.DelegatingMethodAccessorImpl.invoke(DelegatingMethodAccessorImpl.java:43)
at java.lang.reflect.Method.invoke(Method.java:498)
at org.openqa.selenium.support.events.EventFiringWebDriver.lambda$new$1(EventFiringWebDriver.java:105)
at com.sun.proxy.$Proxy8.executeScript(Unknown Source)
at org.openqa.selenium.support.events.EventFiringWebDriver.executeScript(EventFiringWebDriver.java:229)
at com.Tesuto.Pages.LoginPage.Login(LoginPage.java:70)
at com.Tesuto.TestCases.LoginPageTest.LoginTest(LoginPageTest.java:53)
at sun.reflect.NativeMethodAccessorImpl.invoke0(Native Method)
at sun.reflect.NativeMethodAccessorImpl.invoke(NativeMethodAccessorImpl.java:62)
at sun.reflect.DelegatingMethodAccessorImpl.invoke(DelegatingMethodAccessorImpl.java:43)
at java.lang.reflect.Method.invoke(Method.java:498)
at org.testng.internal.MethodInvocationHelper.invokeMethod(MethodInvocationHelper.java:124)
at org.testng.internal.Invoker.invokeMethod(Invoker.java:580)
at org.testng.internal.Invoker.invokeTestMethod(Invoker.java:716)
at org.testng.internal.Invoker.invokeTestMethods(Invoker.java:988)
at org.testng.internal.TestMethodWorker.invokeTestMethods(TestMethodWorker.java:125)
at org.testng.internal.TestMethodWorker.run(TestMethodWorker.java:109)
at org.testng.TestRunner.privateRun(TestRunner.java:648)
at org.testng.TestRunner.run(TestRunner.java:505)
at org.testng.SuiteRunner.runTest(SuiteRunner.java:455)
at org.testng.SuiteRunner.runSequentially(SuiteRunner.java:450)
at org.testng.SuiteRunner.privateRun(SuiteRunner.java:415)
at org.testng.SuiteRunner.run(SuiteRunner.java:364)
at org.testng.SuiteRunnerWorker.runSuite(SuiteRunnerWorker.java:52)
at org.testng.SuiteRunnerWorker.run(SuiteRunnerWorker.java:84)
at org.testng.TestNG.runSuitesSequentially(TestNG.java:1208)
at org.testng.TestNG.runSuitesLocally(TestNG.java:1137)
at org.testng.TestNG.runSuites(TestNG.java:1049)
at org.testng.TestNG.run(TestNG.java:1017)
at org.testng.remote.AbstractRemoteTestNG.run(AbstractRemoteTestNG.java:114)
at org.testng.remote.RemoteTestNG.initAndRun(RemoteTestNG.java:251)
at org.testng.remote.RemoteTestNG.main(RemoteTestNG.java:77)
]]>
            </full-stacktrace>
          </exception> <!-- org.openqa.selenium.TimeoutException -->
          <reporter-output>
          </reporter-output>
        </test-method> <!-- LoginTest -->
        <test-method status="PASS" signature="CloseDriver()[pri:0, instance:com.Tesuto.TestCases.LoginPageTest@609db43b]" name="CloseDriver" is-config="true" duration-ms="97" started-at="2018-11-03T07:48:34Z" finished-at="2018-11-03T07:48:34Z">
          <reporter-output>
          </reporter-output>
        </test-method> <!-- CloseDriver -->
      </class> <!-- com.Tesuto.TestCases.LoginPageTest -->
    </test> <!-- Login -->
    <test name="HomePageTest" duration-ms="14730" started-at="2018-11-03T07:48:35Z" finished-at="2018-11-03T07:48:49Z">
      <class name="com.Tesuto.TestCases.HomePageTest">
        <test-method status="PASS" signature="initialization()[pri:0, instance:com.Tesuto.TestCases.HomePageTest@2892dae4]" name="initialization" is-config="true" duration-ms="6423" started-at="2018-11-03T07:48:35Z" finished-at="2018-11-03T07:48:41Z">
          <reporter-output>
          </reporter-output>
        </test-method> <!-- initialization -->
        <test-method status="PASS" signature="Setup()[pri:0, instance:com.Tesuto.TestCases.HomePageTest@2892dae4]" name="Setup" is-config="true" duration-ms="8127" started-at="2018-11-03T07:48:41Z" finished-at="2018-11-03T07:48:49Z">
          <reporter-output>
          </reporter-output>
        </test-method> <!-- Setup -->
        <test-method status="PASS" signature="verifyHomePageTitleTest()[pri:1, instance:com.Tesuto.TestCases.HomePageTest@2892dae4]" name="verifyHomePageTitleTest" duration-ms="9" started-at="2018-11-03T07:48:49Z" finished-at="2018-11-03T07:48:49Z">
          <reporter-output>
          </reporter-output>
        </test-method> <!-- verifyHomePageTitleTest -->
        <test-method status="PASS" signature="validateUserNameLableTest()[pri:2, instance:com.Tesuto.TestCases.HomePageTest@2892dae4]" name="validateUserNameLableTest" duration-ms="72" started-at="2018-11-03T07:48:49Z" finished-at="2018-11-03T07:48:49Z">
          <reporter-output>
          </reporter-output>
        </test-method> <!-- validateUserNameLableTest -->
        <test-method status="PASS" signature="CloseDriver()[pri:0, instance:com.Tesuto.TestCases.HomePageTest@2892dae4]" name="CloseDriver" is-config="true" duration-ms="94" started-at="2018-11-03T07:48:49Z" finished-at="2018-11-03T07:48:49Z">
          <reporter-output>
          </reporter-output>
        </test-method> <!-- CloseDriver -->
      </class> <!-- com.Tesuto.TestCases.HomePageTest -->
    </test> <!-- HomePageTest -->
    <test name="ContactTest" duration-ms="33496" started-at="2018-11-03T07:48:49Z" finished-at="2018-11-03T07:49:23Z">
      <class name="com.Tesuto.TestCases.ContactPageTest">
        <test-method status="PASS" signature="initialization()[pri:0, instance:com.Tesuto.TestCases.ContactPageTest@6a6afff2]" name="initialization" is-config="true" duration-ms="6267" started-at="2018-11-03T07:48:49Z" finished-at="2018-11-03T07:48:56Z">
          <reporter-output>
          </reporter-output>
        </test-method> <!-- initialization -->
        <test-method status="PASS" signature="setup()[pri:0, instance:com.Tesuto.TestCases.ContactPageTest@6a6afff2]" name="setup" is-config="true" duration-ms="6344" started-at="2018-11-03T07:48:56Z" finished-at="2018-11-03T07:49:02Z">
          <reporter-output>
          </reporter-output>
        </test-method> <!-- setup -->
        <test-method status="PASS" signature="validateEnterContactDetailsTest(java.lang.String, java.lang.String, java.lang.String)[pri:0, instance:com.Tesuto.TestCases.ContactPageTest@6a6afff2]" name="validateEnterContactDetailsTest" duration-ms="5103" started-at="2018-11-03T07:49:02Z" data-provider="TestData" finished-at="2018-11-03T07:49:07Z">
          <params>
            <param index="0">
              <value>
                <![CDATA[Sir]]>
              </value>
            </param>
            <param index="1">
              <value>
                <![CDATA[Vivan]]>
              </value>
            </param>
            <param index="2">
              <value>
                <![CDATA[richard]]>
              </value>
            </param>
          </params>
          <reporter-output>
          </reporter-output>
        </test-method> <!-- validateEnterContactDetailsTest -->
        <test-method status="PASS" signature="validateEnterContactDetailsTest(java.lang.String, java.lang.String, java.lang.String)[pri:0, instance:com.Tesuto.TestCases.ContactPageTest@6a6afff2]" name="validateEnterContactDetailsTest" duration-ms="4113" started-at="2018-11-03T07:49:07Z" data-provider="TestData" finished-at="2018-11-03T07:49:11Z">
          <params>
            <param index="0">
              <value>
                <![CDATA[Mr.]]>
              </value>
            </param>
            <param index="1">
              <value>
                <![CDATA[Raman]]>
              </value>
            </param>
            <param index="2">
              <value>
                <![CDATA[Singh]]>
              </value>
            </param>
          </params>
          <reporter-output>
          </reporter-output>
        </test-method> <!-- validateEnterContactDetailsTest -->
        <test-method status="PASS" signature="validateEnterContactDetailsTest(java.lang.String, java.lang.String, java.lang.String)[pri:0, instance:com.Tesuto.TestCases.ContactPageTest@6a6afff2]" name="validateEnterContactDetailsTest" duration-ms="6151" started-at="2018-11-03T07:49:11Z" data-provider="TestData" finished-at="2018-11-03T07:49:17Z">
          <params>
            <param index="0">
              <value>
                <![CDATA[Prof.]]>
              </value>
            </param>
            <param index="1">
              <value>
                <![CDATA[Anuja]]>
              </value>
            </param>
            <param index="2">
              <value>
                <![CDATA[Verma]]>
              </value>
            </param>
          </params>
          <reporter-output>
          </reporter-output>
        </test-method> <!-- validateEnterContactDetailsTest -->
        <test-method status="PASS" signature="validateEnterContactDetailsTest(java.lang.String, java.lang.String, java.lang.String)[pri:0, instance:com.Tesuto.TestCases.ContactPageTest@6a6afff2]" name="validateEnterContactDetailsTest" duration-ms="5405" started-at="2018-11-03T07:49:17Z" data-provider="TestData" finished-at="2018-11-03T07:49:23Z">
          <params>
            <param index="0">
              <value>
                <![CDATA[Miss]]>
              </value>
            </param>
            <param index="1">
              <value>
                <![CDATA[Rani]]>
              </value>
            </param>
            <param index="2">
              <value>
                <![CDATA[Gerg]]>
              </value>
            </param>
          </params>
          <reporter-output>
          </reporter-output>
        </test-method> <!-- validateEnterContactDetailsTest -->
        <test-method status="PASS" signature="CloseDriver()[pri:0, instance:com.Tesuto.TestCases.ContactPageTest@6a6afff2]" name="CloseDriver" is-config="true" duration-ms="100" started-at="2018-11-03T07:49:23Z" finished-at="2018-11-03T07:49:23Z">
          <reporter-output>
          </reporter-output>
        </test-method> <!-- CloseDriver -->
      </class> <!-- com.Tesuto.TestCases.ContactPageTest -->
    </test> <!-- ContactTest -->
  </suite> <!-- Suite -->
</testng-results>
