<?xml version="1.0" encoding="UTF-8"?>
<!-- Generated by org.testng.reporters.JUnitXMLReporter -->
<testsuite hostname="prakumak-mac" ignored="0" name="Default test" tests="4" failures="0" timestamp="01 Nov 2018 16:49:05 GMT" time="30.023" errors="0">
  <testcase name="validateEnterContactDetailsTest" time="5.824" classname="com.Tesuto.TestCases.ContactPageTest"/>
  <testcase name="validateEnterContactDetailsTest" time="5.292" classname="com.Tesuto.TestCases.ContactPageTest"/>
  <testcase name="validateEnterContactDetailsTest" time="4.123" classname="com.Tesuto.TestCases.ContactPageTest"/>
  <testcase name="validateEnterContactDetailsTest" time="3.519" classname="com.Tesuto.TestCases.ContactPageTest"/>
</testsuite> <!-- Default test -->
