<?xml version="1.0" encoding="UTF-8"?>
<!-- Generated by org.testng.reporters.JUnitXMLReporter -->
<testsuite hostname="prakumak-mac" ignored="0" name="ContactTest" tests="4" failures="0" timestamp="12 Nov 2018 06:42:42 GMT" time="28.214" errors="0">
  <testcase name="validateEnterContactDetailsTest" time="4.479" classname="com.Tesuto.TestCases.ContactPageTest"/>
  <testcase name="validateEnterContactDetailsTest" time="3.55" classname="com.Tesuto.TestCases.ContactPageTest"/>
  <testcase name="validateEnterContactDetailsTest" time="3.5" classname="com.Tesuto.TestCases.ContactPageTest"/>
  <testcase name="validateEnterContactDetailsTest" time="3.641" classname="com.Tesuto.TestCases.ContactPageTest"/>
</testsuite> <!-- ContactTest -->
