<?xml version="1.0" encoding="UTF-8"?>
<!-- Generated by org.testng.reporters.JUnitXMLReporter -->
<testsuite hostname="prakumak-mac" ignored="0" name="ContactTest" tests="4" failures="0" timestamp="03 Nov 2018 07:49:23 GMT" time="33.496" errors="0">
  <testcase name="validateEnterContactDetailsTest" time="5.103" classname="com.Tesuto.TestCases.ContactPageTest"/>
  <testcase name="validateEnterContactDetailsTest" time="4.113" classname="com.Tesuto.TestCases.ContactPageTest"/>
  <testcase name="validateEnterContactDetailsTest" time="6.151" classname="com.Tesuto.TestCases.ContactPageTest"/>
  <testcase name="validateEnterContactDetailsTest" time="5.405" classname="com.Tesuto.TestCases.ContactPageTest"/>
</testsuite> <!-- ContactTest -->
