<?xml version="1.0" encoding="UTF-8"?>
<!-- Generated by org.testng.reporters.JUnitXMLReporter -->
<testsuite hostname="prakumak-mac" ignored="0" name="HomePageTest" tests="3" failures="0" timestamp="30 Oct 2018 11:25:01 GMT" time="19.067" errors="0">
  <testcase name="verifyHomePageTitleTest" time="0.019" classname="com.Tesuto.TestCases.HomePageTest"/>
  <testcase name="validateUserNameLableTest" time="0.076" classname="com.Tesuto.TestCases.HomePageTest"/>
  <testcase name="clickOnContactsTest" time="2.428" classname="com.Tesuto.TestCases.HomePageTest"/>
</testsuite> <!-- HomePageTest -->
